# JRE version: OpenJDK Runtime Environment (11.0.12+7) (build 11.0.12+7-b1504.28-7817840)
# Java VM: OpenJDK 64-Bit Server VM (11.0.12+7-b1504.28-7817840, mixed mode, tiered, compressed oops, g1 gc, windows-amd64)
Heap:
 garbage-first heap   total 115712K, used 43353K [0x00000000c9000000, 0x0000000100000000)
  region size 1024K, 3 young (3072K), 3 survivors (3072K)
 Metaspace       used 52806K, capacity 53395K, committed 53456K, reserved 1097728K
  class space    used 6026K, capacity 6262K, committed 6272K, reserved 1048576K
GC Heap History (20 events):
Event: 2.113 GC heap after
{Heap after GC invocations=3 (full 0):
 garbage-first heap   total 57344K, used 9472K [0x00000000c9000000, 0x0000000100000000)
  region size 1024K, 1 young (1024K), 1 survivors (1024K)
 Metaspace       used 20877K, capacity 21087K, committed 21296K, reserved 1069056K
  class space    used 2219K, capacity 2312K, committed 2432K, reserved 1048576K
}
Event: 3.337 GC heap before
{Heap before GC invocations=4 (full 0):
 garbage-first heap   total 57344K, used 42240K [0x00000000c9000000, 0x0000000100000000)
  region size 1024K, 30 young (30720K), 1 survivors (1024K)
 Metaspace       used 29985K, capacity 30410K, committed 30640K, reserved 1077248K
  class space    used 3569K, capacity 3731K, committed 3840K, reserved 1048576K
}
Event: 3.345 GC heap after
{Heap after GC invocations=5 (full 0):
 garbage-first heap   total 57344K, used 14978K [0x00000000c9000000, 0x0000000100000000)
  region size 1024K, 3 young (3072K), 3 survivors (3072K)
 Metaspace       used 29985K, capacity 30410K, committed 30640K, reserved 1077248K
  class space    used 3569K, capacity 3731K, committed 3840K, reserved 1048576K
}
Event: 4.260 GC heap before
{Heap before GC invocations=5 (full 0):
 garbage-first heap   total 57344K, used 44674K [0x00000000c9000000, 0x0000000100000000)
  region size 1024K, 30 young (30720K), 3 survivors (3072K)
 Metaspace       used 34463K, capacity 34913K, committed 35120K, reserved 1079296K
  class space    used 4280K, capacity 4442K, committed 4480K, reserved 1048576K
}
Event: 4.278 GC heap after
{Heap after GC invocations=6 (full 0):
 garbage-first heap   total 69632K, used 21284K [0x00000000c9000000, 0x0000000100000000)
  region size 1024K, 4 young (4096K), 4 survivors (4096K)
 Metaspace       used 34463K, capacity 34913K, committed 35120K, reserved 1079296K
  class space    used 4280K, capacity 4442K, committed 4480K, reserved 1048576K
}
Event: 4.422 GC heap before
{Heap before GC invocations=6 (full 0):
 garbage-first heap   total 69632K, used 26404K [0x00000000c9000000, 0x0000000100000000)
  region size 1024K, 10 young (10240K), 4 survivors (4096K)
 Metaspace       used 35348K, capacity 35778K, committed 35920K, reserved 1081344K
  class space    used 4366K, capacity 4538K, committed 4608K, reserved 1048576K
}
Event: 4.435 GC heap after
{Heap after GC invocations=7 (full 0):
 garbage-first heap   total 69632K, used 20459K [0x00000000c9000000, 0x0000000100000000)
  region size 1024K, 1 young (1024K), 1 survivors (1024K)
 Metaspace       used 35348K, capacity 35778K, committed 35920K, reserved 1081344K
  class space    used 4366K, capacity 4538K, committed 4608K, reserved 1048576K
}
Event: 4.987 GC heap before
{Heap before GC invocations=8 (full 0):
 garbage-first heap   total 69632K, used 40939K [0x00000000c9000000, 0x0000000100000000)
  region size 1024K, 22 young (22528K), 1 survivors (1024K)
 Metaspace       used 39242K, capacity 39680K, committed 39888K, reserved 1085440K
  class space    used 4713K, capacity 4897K, committed 4992K, reserved 1048576K
}
Event: 4.995 GC heap after
{Heap after GC invocations=9 (full 0):
 garbage-first heap   total 69632K, used 22225K [0x00000000c9000000, 0x0000000100000000)
  region size 1024K, 3 young (3072K), 3 survivors (3072K)
 Metaspace       used 39242K, capacity 39680K, committed 39888K, reserved 1085440K
  class space    used 4713K, capacity 4897K, committed 4992K, reserved 1048576K
}
Event: 5.729 GC heap before
{Heap before GC invocations=9 (full 0):
 garbage-first heap   total 69632K, used 42705K [0x00000000c9000000, 0x0000000100000000)
  region size 1024K, 24 young (24576K), 3 survivors (3072K)
 Metaspace       used 44712K, capacity 45245K, committed 45392K, reserved 1089536K
  class space    used 5324K, capacity 5511K, committed 5632K, reserved 1048576K
}
Event: 5.742 GC heap after
{Heap after GC invocations=10 (full 0):
 garbage-first heap   total 69632K, used 23901K [0x00000000c9000000, 0x0000000100000000)
  region size 1024K, 2 young (2048K), 2 survivors (2048K)
 Metaspace       used 44712K, capacity 45245K, committed 45392K, reserved 1089536K
  class space    used 5324K, capacity 5511K, committed 5632K, reserved 1048576K
}
Event: 6.231 GC heap before
{Heap before GC invocations=10 (full 0):
 garbage-first heap   total 69632K, used 48477K [0x00000000c9000000, 0x0000000100000000)
  region size 1024K, 24 young (24576K), 2 survivors (2048K)
 Metaspace       used 46505K, capacity 47040K, committed 47312K, reserved 1091584K
  class space    used 5480K, capacity 5682K, committed 5760K, reserved 1048576K
}
Event: 6.246 GC heap after
{Heap after GC invocations=11 (full 0):
 garbage-first heap   total 83968K, used 30562K [0x00000000c9000000, 0x0000000100000000)
  region size 1024K, 3 young (3072K), 3 survivors (3072K)
 Metaspace       used 46505K, capacity 47040K, committed 47312K, reserved 1091584K
  class space    used 5480K, capacity 5682K, committed 5760K, reserved 1048576K
}
Event: 6.883 GC heap before
{Heap before GC invocations=11 (full 0):
 garbage-first heap   total 83968K, used 54114K [0x00000000c9000000, 0x0000000100000000)
  region size 1024K, 27 young (27648K), 3 survivors (3072K)
 Metaspace       used 48108K, capacity 48621K, committed 48720K, reserved 1091584K
  class space    used 5643K, capacity 5845K, committed 5888K, reserved 1048576K
}
Event: 6.902 GC heap after
{Heap after GC invocations=12 (full 0):
 garbage-first heap   total 83968K, used 32722K [0x00000000c9000000, 0x0000000100000000)
  region size 1024K, 2 young (2048K), 2 survivors (2048K)
 Metaspace       used 48108K, capacity 48621K, committed 48720K, reserved 1091584K
  class space    used 5643K, capacity 5845K, committed 5888K, reserved 1048576K
}
Event: 7.915 GC heap before
{Heap before GC invocations=12 (full 0):
 garbage-first heap   total 83968K, used 56274K [0x00000000c9000000, 0x0000000100000000)
  region size 1024K, 26 young (26624K), 2 survivors (2048K)
 Metaspace       used 51453K, capacity 52060K, committed 52176K, reserved 1095680K
  class space    used 5971K, capacity 6222K, committed 6272K, reserved 1048576K
}
Event: 7.971 GC heap after
{Heap after GC invocations=13 (full 0):
 garbage-first heap   total 83968K, used 35671K [0x00000000c9000000, 0x0000000100000000)
  region size 1024K, 4 young (4096K), 4 survivors (4096K)
 Metaspace       used 51453K, capacity 52060K, committed 52176K, reserved 1095680K
  class space    used 5971K, capacity 6222K, committed 6272K, reserved 1048576K
}
Event: 8.779 GC heap before
{Heap before GC invocations=13 (full 0):
 garbage-first heap   total 83968K, used 60247K [0x00000000c9000000, 0x0000000100000000)
  region size 1024K, 28 young (28672K), 4 survivors (4096K)
 Metaspace       used 52372K, capacity 52925K, committed 52944K, reserved 1095680K
  class space    used 5998K, capacity 6254K, committed 6272K, reserved 1048576K
}
Event: 8.819 GC heap after
{Heap after GC invocations=14 (full 0):
 garbage-first heap   total 83968K, used 40182K [0x00000000c9000000, 0x0000000100000000)
  region size 1024K, 4 young (4096K), 4 survivors (4096K)
 Metaspace       used 52372K, capacity 52925K, committed 52944K, reserved 1095680K
  class space    used 5998K, capacity 6254K, committed 6272K, reserved 1048576K
}
Event: 9.123 GC heap before
{Heap before GC invocations=14 (full 0):
 garbage-first heap   total 83968K, used 62710K [0x00000000c9000000, 0x0000000100000000)
  region size 1024K, 26 young (26624K), 4 survivors (4096K)
 Metaspace       used 52806K, capacity 53395K, committed 53456K, reserved 1097728K
  class space    used 6026K, capacity 6262K, committed 6272K, reserved 1048576K
}

