# JRE version: OpenJDK Runtime Environment (11.0.12+7) (build 11.0.12+7-b1504.28-7817840)
# Java VM: OpenJDK 64-Bit Server VM (11.0.12+7-b1504.28-7817840, mixed mode, tiered, compressed oops, g1 gc, windows-amd64)
Heap:
 garbage-first heap   total 413696K, used 114324K [0x0000000080000000, 0x0000000100000000)
  region size 1024K, 2 young (2048K), 2 survivors (2048K)
 Metaspace       used 87847K, capacity 90088K, committed 90160K, reserved 1128448K
  class space    used 11339K, capacity 12138K, committed 12160K, reserved 1048576K
GC Heap History (20 events):
Event: 33.561 GC heap after
{Heap after GC invocations=29 (full 0):
 garbage-first heap   total 121856K, used 55050K [0x0000000080000000, 0x0000000100000000)
  region size 1024K, 6 young (6144K), 6 survivors (6144K)
 Metaspace       used 51363K, capacity 52839K, committed 53040K, reserved 1095680K
  class space    used 6525K, capacity 7032K, committed 7040K, reserved 1048576K
}
Event: 37.774 GC heap before
{Heap before GC invocations=29 (full 0):
 garbage-first heap   total 121856K, used 100106K [0x0000000080000000, 0x0000000100000000)
  region size 1024K, 46 young (47104K), 6 survivors (6144K)
 Metaspace       used 54080K, capacity 55701K, committed 55856K, reserved 1097728K
  class space    used 6975K, capacity 7516K, committed 7552K, reserved 1048576K
}
Event: 37.880 GC heap after
{Heap after GC invocations=30 (full 0):
 garbage-first heap   total 121856K, used 62037K [0x0000000080000000, 0x0000000100000000)
  region size 1024K, 6 young (6144K), 6 survivors (6144K)
 Metaspace       used 54080K, capacity 55701K, committed 55856K, reserved 1097728K
  class space    used 6975K, capacity 7516K, committed 7552K, reserved 1048576K
}
Event: 41.603 GC heap before
{Heap before GC invocations=30 (full 0):
 garbage-first heap   total 121856K, used 97877K [0x0000000080000000, 0x0000000100000000)
  region size 1024K, 42 young (43008K), 6 survivors (6144K)
 Metaspace       used 55988K, capacity 57615K, committed 57904K, reserved 1099776K
  class space    used 7196K, capacity 7742K, committed 7808K, reserved 1048576K
}
Event: 41.865 GC heap after
{Heap after GC invocations=31 (full 0):
 garbage-first heap   total 174080K, used 63708K [0x0000000080000000, 0x0000000100000000)
  region size 1024K, 5 young (5120K), 5 survivors (5120K)
 Metaspace       used 55988K, capacity 57615K, committed 57904K, reserved 1099776K
  class space    used 7196K, capacity 7742K, committed 7808K, reserved 1048576K
}
Event: 46.420 GC heap before
{Heap before GC invocations=32 (full 0):
 garbage-first heap   total 174080K, used 125148K [0x0000000080000000, 0x0000000100000000)
  region size 1024K, 57 young (58368K), 5 survivors (5120K)
 Metaspace       used 59241K, capacity 60895K, committed 61104K, reserved 1101824K
  class space    used 7590K, capacity 8186K, committed 8192K, reserved 1048576K
}
Event: 46.663 GC heap after
{Heap after GC invocations=33 (full 0):
 garbage-first heap   total 174080K, used 80508K [0x0000000080000000, 0x0000000100000000)
  region size 1024K, 8 young (8192K), 8 survivors (8192K)
 Metaspace       used 59241K, capacity 60895K, committed 61104K, reserved 1101824K
  class space    used 7590K, capacity 8186K, committed 8192K, reserved 1048576K
}
Event: 49.626 GC heap before
{Heap before GC invocations=33 (full 0):
 garbage-first heap   total 174080K, used 133756K [0x0000000080000000, 0x0000000100000000)
  region size 1024K, 60 young (61440K), 8 survivors (8192K)
 Metaspace       used 67736K, capacity 69639K, committed 69936K, reserved 1110016K
  class space    used 8641K, capacity 9288K, committed 9344K, reserved 1048576K
}
Event: 49.683 GC heap after
{Heap after GC invocations=34 (full 0):
 garbage-first heap   total 174080K, used 83899K [0x0000000080000000, 0x0000000100000000)
  region size 1024K, 4 young (4096K), 4 survivors (4096K)
 Metaspace       used 67736K, capacity 69639K, committed 69936K, reserved 1110016K
  class space    used 8641K, capacity 9288K, committed 9344K, reserved 1048576K
}
Event: 50.836 GC heap before
{Heap before GC invocations=34 (full 0):
 garbage-first heap   total 174080K, used 128955K [0x0000000080000000, 0x0000000100000000)
  region size 1024K, 50 young (51200K), 4 survivors (4096K)
 Metaspace       used 71315K, capacity 73115K, committed 73264K, reserved 1112064K
  class space    used 9089K, capacity 9757K, committed 9856K, reserved 1048576K
}
Event: 50.906 GC heap after
{Heap after GC invocations=35 (full 0):
 garbage-first heap   total 174080K, used 87524K [0x0000000080000000, 0x0000000100000000)
  region size 1024K, 7 young (7168K), 7 survivors (7168K)
 Metaspace       used 71315K, capacity 73115K, committed 73264K, reserved 1112064K
  class space    used 9089K, capacity 9757K, committed 9856K, reserved 1048576K
}
Event: 54.868 GC heap before
{Heap before GC invocations=36 (full 0):
 garbage-first heap   total 174080K, used 140772K [0x0000000080000000, 0x0000000100000000)
  region size 1024K, 58 young (59392K), 7 survivors (7168K)
 Metaspace       used 74490K, capacity 76401K, committed 76720K, reserved 1116160K
  class space    used 9490K, capacity 10162K, committed 10240K, reserved 1048576K
}
Event: 54.991 GC heap after
{Heap after GC invocations=37 (full 0):
 garbage-first heap   total 271360K, used 90526K [0x0000000080000000, 0x0000000100000000)
  region size 1024K, 7 young (7168K), 7 survivors (7168K)
 Metaspace       used 74490K, capacity 76401K, committed 76720K, reserved 1116160K
  class space    used 9490K, capacity 10162K, committed 10240K, reserved 1048576K
}
Event: 63.267 GC heap before
{Heap before GC invocations=37 (full 0):
 garbage-first heap   total 271360K, used 165278K [0x0000000080000000, 0x0000000100000000)
  region size 1024K, 80 young (81920K), 7 survivors (7168K)
 Metaspace       used 80703K, capacity 82655K, committed 82864K, reserved 1120256K
  class space    used 10451K, capacity 11174K, committed 11264K, reserved 1048576K
}
Event: 63.905 GC heap after
{Heap after GC invocations=38 (full 0):
 garbage-first heap   total 271360K, used 95703K [0x0000000080000000, 0x0000000100000000)
  region size 1024K, 9 young (9216K), 9 survivors (9216K)
 Metaspace       used 80703K, capacity 82655K, committed 82864K, reserved 1120256K
  class space    used 10451K, capacity 11174K, committed 11264K, reserved 1048576K
}
Event: 65.267 GC heap before
{Heap before GC invocations=38 (full 0):
 garbage-first heap   total 271360K, used 99799K [0x0000000080000000, 0x0000000100000000)
  region size 1024K, 13 young (13312K), 9 survivors (9216K)
 Metaspace       used 81037K, capacity 82959K, committed 83120K, reserved 1122304K
  class space    used 10507K, capacity 11211K, committed 11264K, reserved 1048576K
}
Event: 65.379 GC heap after
{Heap after GC invocations=39 (full 0):
 garbage-first heap   total 271360K, used 96952K [0x0000000080000000, 0x0000000100000000)
  region size 1024K, 2 young (2048K), 2 survivors (2048K)
 Metaspace       used 81037K, capacity 82959K, committed 83120K, reserved 1122304K
  class space    used 10507K, capacity 11211K, committed 11264K, reserved 1048576K
}
Event: 77.332 GC heap before
{Heap before GC invocations=39 (full 0):
 garbage-first heap   total 271360K, used 159416K [0x0000000080000000, 0x0000000100000000)
  region size 1024K, 54 young (55296K), 2 survivors (2048K)
 Metaspace       used 84554K, capacity 86683K, committed 86832K, reserved 1124352K
  class space    used 11010K, capacity 11800K, committed 11904K, reserved 1048576K
}
Event: 77.482 GC heap after
{Heap after GC invocations=40 (full 0):
 garbage-first heap   total 271360K, used 112481K [0x0000000080000000, 0x0000000100000000)
  region size 1024K, 7 young (7168K), 7 survivors (7168K)
 Metaspace       used 84554K, capacity 86683K, committed 86832K, reserved 1124352K
  class space    used 11010K, capacity 11800K, committed 11904K, reserved 1048576K
}
Event: 79.148 GC heap before
{Heap before GC invocations=40 (full 0):
 garbage-first heap   total 271360K, used 149345K [0x0000000080000000, 0x0000000100000000)
  region size 1024K, 42 young (43008K), 7 survivors (7168K)
 Metaspace       used 87847K, capacity 90088K, committed 90160K, reserved 1128448K
  class space    used 11339K, capacity 12138K, committed 12160K, reserved 1048576K
}

