# JRE version: OpenJDK Runtime Environment (11.0.12+7) (build 11.0.12+7-b1504.28-7817840)
# Java VM: OpenJDK 64-Bit Server VM (11.0.12+7-b1504.28-7817840, mixed mode, tiered, compressed oops, g1 gc, windows-amd64)
Heap:
 garbage-first heap   total 381952K, used 167158K [0x0000000080000000, 0x0000000100000000)
  region size 1024K, 52 young (53248K), 4 survivors (4096K)
 Metaspace       used 104634K, capacity 107607K, committed 107724K, reserved 1142784K
  class space    used 13618K, capacity 14766K, committed 14848K, reserved 1048576K
GC Heap History (20 events):
Event: 25.747 GC heap before
{Heap before GC invocations=52 (full 0):
 garbage-first heap   total 156672K, used 123106K [0x0000000080000000, 0x0000000100000000)
  region size 1024K, 55 young (56320K), 7 survivors (7168K)
 Metaspace       used 84688K, capacity 86973K, committed 87244K, reserved 1124352K
  class space    used 11107K, capacity 11995K, committed 12032K, reserved 1048576K
}
Event: 25.782 GC heap after
{Heap after GC invocations=53 (full 0):
 garbage-first heap   total 156672K, used 78227K [0x0000000080000000, 0x0000000100000000)
  region size 1024K, 4 young (4096K), 4 survivors (4096K)
 Metaspace       used 84688K, capacity 86973K, committed 87244K, reserved 1124352K
  class space    used 11107K, capacity 11995K, committed 12032K, reserved 1048576K
}
Event: 26.671 GC heap before
{Heap before GC invocations=53 (full 0):
 garbage-first heap   total 156672K, used 125331K [0x0000000080000000, 0x0000000100000000)
  region size 1024K, 51 young (52224K), 4 survivors (4096K)
 Metaspace       used 85298K, capacity 87538K, committed 87756K, reserved 1124352K
  class space    used 11155K, capacity 12021K, committed 12032K, reserved 1048576K
}
Event: 26.703 GC heap after
{Heap after GC invocations=54 (full 0):
 garbage-first heap   total 203776K, used 81436K [0x0000000080000000, 0x0000000100000000)
  region size 1024K, 7 young (7168K), 7 survivors (7168K)
 Metaspace       used 85298K, capacity 87538K, committed 87756K, reserved 1124352K
  class space    used 11155K, capacity 12021K, committed 12032K, reserved 1048576K
}
Event: 32.333 GC heap before
{Heap before GC invocations=55 (full 0):
 garbage-first heap   total 203776K, used 155164K [0x0000000080000000, 0x0000000100000000)
  region size 1024K, 80 young (81920K), 7 survivors (7168K)
 Metaspace       used 87142K, capacity 89416K, committed 89548K, reserved 1126400K
  class space    used 11320K, capacity 12183K, committed 12288K, reserved 1048576K
}
Event: 32.659 GC heap after
{Heap after GC invocations=56 (full 0):
 garbage-first heap   total 203776K, used 86031K [0x0000000080000000, 0x0000000100000000)
  region size 1024K, 9 young (9216K), 9 survivors (9216K)
 Metaspace       used 87142K, capacity 89416K, committed 89548K, reserved 1126400K
  class space    used 11320K, capacity 12183K, committed 12288K, reserved 1048576K
}
Event: 35.268 GC heap before
{Heap before GC invocations=56 (full 0):
 garbage-first heap   total 203776K, used 159759K [0x0000000080000000, 0x0000000100000000)
  region size 1024K, 82 young (83968K), 9 survivors (9216K)
 Metaspace       used 89623K, capacity 91941K, committed 92108K, reserved 1128448K
  class space    used 11645K, capacity 12509K, committed 12544K, reserved 1048576K
}
Event: 35.349 GC heap after
{Heap after GC invocations=57 (full 0):
 garbage-first heap   total 203776K, used 89227K [0x0000000080000000, 0x0000000100000000)
  region size 1024K, 8 young (8192K), 8 survivors (8192K)
 Metaspace       used 89623K, capacity 91941K, committed 92108K, reserved 1128448K
  class space    used 11645K, capacity 12509K, committed 12544K, reserved 1048576K
}
Event: 59.816 GC heap before
{Heap before GC invocations=57 (full 0):
 garbage-first heap   total 203776K, used 163979K [0x0000000080000000, 0x0000000100000000)
  region size 1024K, 82 young (83968K), 8 survivors (8192K)
 Metaspace       used 92362K, capacity 94767K, committed 95052K, reserved 1132544K
  class space    used 11953K, capacity 12834K, committed 12928K, reserved 1048576K
}
Event: 60.022 GC heap after
{Heap after GC invocations=58 (full 0):
 garbage-first heap   total 203776K, used 94826K [0x0000000080000000, 0x0000000100000000)
  region size 1024K, 9 young (9216K), 9 survivors (9216K)
 Metaspace       used 92362K, capacity 94767K, committed 95052K, reserved 1132544K
  class space    used 11953K, capacity 12834K, committed 12928K, reserved 1048576K
}
Event: 146.159 GC heap before
{Heap before GC invocations=58 (full 0):
 garbage-first heap   total 203776K, used 166506K [0x0000000080000000, 0x0000000100000000)
  region size 1024K, 79 young (80896K), 9 survivors (9216K)
 Metaspace       used 97834K, capacity 100467K, committed 100684K, reserved 1136640K
  class space    used 12700K, capacity 13694K, committed 13696K, reserved 1048576K
}
Event: 146.651 GC heap after
{Heap after GC invocations=59 (full 0):
 garbage-first heap   total 381952K, used 96633K [0x0000000080000000, 0x0000000100000000)
  region size 1024K, 5 young (5120K), 5 survivors (5120K)
 Metaspace       used 97834K, capacity 100467K, committed 100684K, reserved 1136640K
  class space    used 12700K, capacity 13694K, committed 13696K, reserved 1048576K
}
Event: 717.489 GC heap before
{Heap before GC invocations=59 (full 0):
 garbage-first heap   total 381952K, used 137593K [0x0000000080000000, 0x0000000100000000)
  region size 1024K, 36 young (36864K), 5 survivors (5120K)
 Metaspace       used 98994K, capacity 101818K, committed 101964K, reserved 1136640K
  class space    used 12855K, capacity 13934K, committed 13952K, reserved 1048576K
}
Event: 717.822 GC heap after
{Heap after GC invocations=60 (full 0):
 garbage-first heap   total 381952K, used 111218K [0x0000000080000000, 0x0000000100000000)
  region size 1024K, 5 young (5120K), 5 survivors (5120K)
 Metaspace       used 98994K, capacity 101818K, committed 101964K, reserved 1136640K
  class space    used 12855K, capacity 13934K, committed 13952K, reserved 1048576K
}
Event: 721.749 GC heap before
{Heap before GC invocations=60 (full 0):
 garbage-first heap   total 381952K, used 123506K [0x0000000080000000, 0x0000000100000000)
  region size 1024K, 18 young (18432K), 5 survivors (5120K)
 Metaspace       used 100989K, capacity 103919K, committed 104140K, reserved 1138688K
  class space    used 13203K, capacity 14333K, committed 14336K, reserved 1048576K
}
Event: 721.983 GC heap after
{Heap after GC invocations=61 (full 0):
 garbage-first heap   total 381952K, used 112353K [0x0000000080000000, 0x0000000100000000)
  region size 1024K, 2 young (2048K), 2 survivors (2048K)
 Metaspace       used 100989K, capacity 103919K, committed 104140K, reserved 1138688K
  class space    used 13203K, capacity 14333K, committed 14336K, reserved 1048576K
}
Event: 723.811 GC heap before
{Heap before GC invocations=61 (full 0):
 garbage-first heap   total 381952K, used 140001K [0x0000000080000000, 0x0000000100000000)
  region size 1024K, 29 young (29696K), 2 survivors (2048K)
 Metaspace       used 102237K, capacity 105176K, committed 105420K, reserved 1140736K
  class space    used 13363K, capacity 14496K, committed 14592K, reserved 1048576K
}
Event: 723.845 GC heap after
{Heap after GC invocations=62 (full 0):
 garbage-first heap   total 381952K, used 113411K [0x0000000080000000, 0x0000000100000000)
  region size 1024K, 3 young (3072K), 3 survivors (3072K)
 Metaspace       used 102237K, capacity 105176K, committed 105420K, reserved 1140736K
  class space    used 13363K, capacity 14496K, committed 14592K, reserved 1048576K
}
Event: 724.379 GC heap before
{Heap before GC invocations=62 (full 0):
 garbage-first heap   total 381952K, used 171779K [0x0000000080000000, 0x0000000100000000)
  region size 1024K, 60 young (61440K), 3 survivors (3072K)
 Metaspace       used 102304K, capacity 105240K, committed 105420K, reserved 1140736K
  class space    used 13363K, capacity 14496K, committed 14592K, reserved 1048576K
}
Event: 724.396 GC heap after
{Heap after GC invocations=63 (full 0):
 garbage-first heap   total 381952K, used 114934K [0x0000000080000000, 0x0000000100000000)
  region size 1024K, 4 young (4096K), 4 survivors (4096K)
 Metaspace       used 102304K, capacity 105240K, committed 105420K, reserved 1140736K
  class space    used 13363K, capacity 14496K, committed 14592K, reserved 1048576K
}

