# JRE version: OpenJDK Runtime Environment (11.0.12+7) (build 11.0.12+7-b1504.28-7817840)
# Java VM: OpenJDK 64-Bit Server VM (11.0.12+7-b1504.28-7817840, mixed mode, tiered, compressed oops, g1 gc, windows-amd64)
Heap:
 garbage-first heap   total 57344K, used 25766K [0x0000000080000000, 0x0000000100000000)
  region size 1024K, 11 young (11264K), 2 survivors (2048K)
 Metaspace       used 23470K, capacity 24063K, committed 24192K, reserved 1071104K
  class space    used 2983K, capacity 3180K, committed 3200K, reserved 1048576K
GC Heap History (14 events):
Event: 1.818 GC heap before
{Heap before GC invocations=0 (full 0):
 garbage-first heap   total 57344K, used 29696K [0x0000000080000000, 0x0000000100000000)
  region size 1024K, 24 young (24576K), 0 survivors (0K)
 Metaspace       used 10231K, capacity 10428K, committed 10624K, reserved 1058816K
  class space    used 1070K, capacity 1140K, committed 1152K, reserved 1048576K
}
Event: 1.832 GC heap after
{Heap after GC invocations=1 (full 0):
 garbage-first heap   total 57344K, used 9252K [0x0000000080000000, 0x0000000100000000)
  region size 1024K, 3 young (3072K), 3 survivors (3072K)
 Metaspace       used 10231K, capacity 10428K, committed 10624K, reserved 1058816K
  class space    used 1070K, capacity 1140K, committed 1152K, reserved 1048576K
}
Event: 2.383 GC heap before
{Heap before GC invocations=1 (full 0):
 garbage-first heap   total 57344K, used 30756K [0x0000000080000000, 0x0000000100000000)
  region size 1024K, 24 young (24576K), 3 survivors (3072K)
 Metaspace       used 11177K, capacity 11383K, committed 11520K, reserved 1058816K
  class space    used 1172K, capacity 1245K, committed 1280K, reserved 1048576K
}
Event: 2.388 GC heap after
{Heap after GC invocations=2 (full 0):
 garbage-first heap   total 57344K, used 9800K [0x0000000080000000, 0x0000000100000000)
  region size 1024K, 1 young (1024K), 1 survivors (1024K)
 Metaspace       used 11177K, capacity 11383K, committed 11520K, reserved 1058816K
  class space    used 1172K, capacity 1245K, committed 1280K, reserved 1048576K
}
Event: 2.657 GC heap before
{Heap before GC invocations=2 (full 0):
 garbage-first heap   total 57344K, used 32328K [0x0000000080000000, 0x0000000100000000)
  region size 1024K, 23 young (23552K), 1 survivors (1024K)
 Metaspace       used 11375K, capacity 11695K, committed 11904K, reserved 1060864K
  class space    used 1206K, capacity 1285K, committed 1408K, reserved 1048576K
}
Event: 2.663 GC heap after
{Heap after GC invocations=3 (full 0):
 garbage-first heap   total 57344K, used 14039K [0x0000000080000000, 0x0000000100000000)
  region size 1024K, 3 young (3072K), 3 survivors (3072K)
 Metaspace       used 11375K, capacity 11695K, committed 11904K, reserved 1060864K
  class space    used 1206K, capacity 1285K, committed 1408K, reserved 1048576K
}
Event: 4.385 GC heap before
{Heap before GC invocations=3 (full 0):
 garbage-first heap   total 57344K, used 35543K [0x0000000080000000, 0x0000000100000000)
  region size 1024K, 24 young (24576K), 3 survivors (3072K)
 Metaspace       used 17163K, capacity 17522K, committed 17792K, reserved 1064960K
  class space    used 1995K, capacity 2100K, committed 2176K, reserved 1048576K
}
Event: 4.391 GC heap after
{Heap after GC invocations=4 (full 0):
 garbage-first heap   total 57344K, used 15811K [0x0000000080000000, 0x0000000100000000)
  region size 1024K, 2 young (2048K), 2 survivors (2048K)
 Metaspace       used 17163K, capacity 17522K, committed 17792K, reserved 1064960K
  class space    used 1995K, capacity 2100K, committed 2176K, reserved 1048576K
}
Event: 5.273 GC heap before
{Heap before GC invocations=4 (full 0):
 garbage-first heap   total 57344K, used 38339K [0x0000000080000000, 0x0000000100000000)
  region size 1024K, 24 young (24576K), 2 survivors (2048K)
 Metaspace       used 19439K, capacity 19875K, committed 19968K, reserved 1067008K
  class space    used 2374K, capacity 2547K, committed 2560K, reserved 1048576K
}
Event: 5.277 GC heap after
{Heap after GC invocations=5 (full 0):
 garbage-first heap   total 57344K, used 16685K [0x0000000080000000, 0x0000000100000000)
  region size 1024K, 1 young (1024K), 1 survivors (1024K)
 Metaspace       used 19439K, capacity 19875K, committed 19968K, reserved 1067008K
  class space    used 2374K, capacity 2547K, committed 2560K, reserved 1048576K
}
Event: 5.751 GC heap before
{Heap before GC invocations=5 (full 0):
 garbage-first heap   total 57344K, used 24877K [0x0000000080000000, 0x0000000100000000)
  region size 1024K, 10 young (10240K), 1 survivors (1024K)
 Metaspace       used 20713K, capacity 21082K, committed 21248K, reserved 1067008K
  class space    used 2542K, capacity 2694K, committed 2816K, reserved 1048576K
}
Event: 5.756 GC heap after
{Heap after GC invocations=6 (full 0):
 garbage-first heap   total 57344K, used 17045K [0x0000000080000000, 0x0000000100000000)
  region size 1024K, 2 young (2048K), 2 survivors (2048K)
 Metaspace       used 20713K, capacity 21082K, committed 21248K, reserved 1067008K
  class space    used 2542K, capacity 2694K, committed 2816K, reserved 1048576K
}
Event: 6.317 GC heap before
{Heap before GC invocations=7 (full 0):
 garbage-first heap   total 57344K, used 35477K [0x0000000080000000, 0x0000000100000000)
  region size 1024K, 20 young (20480K), 2 survivors (2048K)
 Metaspace       used 22483K, capacity 22974K, committed 23040K, reserved 1069056K
  class space    used 2857K, capacity 3011K, committed 3072K, reserved 1048576K
}
Event: 6.320 GC heap after
{Heap after GC invocations=8 (full 0):
 garbage-first heap   total 57344K, used 17574K [0x0000000080000000, 0x0000000100000000)
  region size 1024K, 2 young (2048K), 2 survivors (2048K)
 Metaspace       used 22483K, capacity 22974K, committed 23040K, reserved 1069056K
  class space    used 2857K, capacity 3011K, committed 3072K, reserved 1048576K
}

