# JRE version: OpenJDK Runtime Environment (11.0.12+7) (build 11.0.12+7-b1504.28-7817840)
# Java VM: OpenJDK 64-Bit Server VM (11.0.12+7-b1504.28-7817840, mixed mode, tiered, compressed oops, g1 gc, windows-amd64)
Heap:
 garbage-first heap   total 565248K, used 111974K [0x0000000080000000, 0x0000000100000000)
  region size 1024K, 2 young (2048K), 2 survivors (2048K)
 Metaspace       used 99931K, capacity 102016K, committed 102348K, reserved 1138688K
  class space    used 12592K, capacity 13386K, committed 13516K, reserved 1048576K
GC Heap History (20 events):
Event: 21.854 GC heap after
{Heap after GC invocations=37 (full 0):
 garbage-first heap   total 134144K, used 65690K [0x0000000080000000, 0x0000000100000000)
  region size 1024K, 5 young (5120K), 5 survivors (5120K)
 Metaspace       used 73368K, capacity 74905K, committed 75212K, reserved 1114112K
  class space    used 9486K, capacity 10079K, committed 10188K, reserved 1048576K
}
Event: 23.088 GC heap before
{Heap before GC invocations=38 (full 0):
 garbage-first heap   total 134144K, used 102554K [0x0000000080000000, 0x0000000100000000)
  region size 1024K, 41 young (41984K), 5 survivors (5120K)
 Metaspace       used 76247K, capacity 77903K, committed 78156K, reserved 1116160K
  class space    used 9879K, capacity 10509K, committed 10572K, reserved 1048576K
}
Event: 23.120 GC heap after
{Heap after GC invocations=39 (full 0):
 garbage-first heap   total 134144K, used 68627K [0x0000000080000000, 0x0000000100000000)
  region size 1024K, 6 young (6144K), 6 survivors (6144K)
 Metaspace       used 76247K, capacity 77903K, committed 78156K, reserved 1116160K
  class space    used 9879K, capacity 10509K, committed 10572K, reserved 1048576K
}
Event: 24.165 GC heap before
{Heap before GC invocations=39 (full 0):
 garbage-first heap   total 134144K, used 104467K [0x0000000080000000, 0x0000000100000000)
  region size 1024K, 41 young (41984K), 6 survivors (6144K)
 Metaspace       used 80649K, capacity 82359K, committed 82636K, reserved 1120256K
  class space    used 10485K, capacity 11147K, committed 11212K, reserved 1048576K
}
Event: 24.188 GC heap after
{Heap after GC invocations=40 (full 0):
 garbage-first heap   total 171008K, used 70707K [0x0000000080000000, 0x0000000100000000)
  region size 1024K, 5 young (5120K), 5 survivors (5120K)
 Metaspace       used 80649K, capacity 82359K, committed 82636K, reserved 1120256K
  class space    used 10485K, capacity 11147K, committed 11212K, reserved 1048576K
}
Event: 26.760 GC heap before
{Heap before GC invocations=41 (full 0):
 garbage-first heap   total 171008K, used 121907K [0x0000000080000000, 0x0000000100000000)
  region size 1024K, 56 young (57344K), 5 survivors (5120K)
 Metaspace       used 84078K, capacity 86175K, committed 86348K, reserved 1124352K
  class space    used 11013K, capacity 11817K, committed 11852K, reserved 1048576K
}
Event: 26.883 GC heap after
{Heap after GC invocations=42 (full 0):
 garbage-first heap   total 171008K, used 74316K [0x0000000080000000, 0x0000000100000000)
  region size 1024K, 6 young (6144K), 6 survivors (6144K)
 Metaspace       used 84078K, capacity 86175K, committed 86348K, reserved 1124352K
  class space    used 11013K, capacity 11817K, committed 11852K, reserved 1048576K
}
Event: 28.251 GC heap before
{Heap before GC invocations=42 (full 0):
 garbage-first heap   total 171008K, used 129612K [0x0000000080000000, 0x0000000100000000)
  region size 1024K, 61 young (62464K), 6 survivors (6144K)
 Metaspace       used 84789K, capacity 86880K, committed 86988K, reserved 1124352K
  class space    used 11068K, capacity 11890K, committed 11980K, reserved 1048576K
}
Event: 28.274 GC heap after
{Heap after GC invocations=43 (full 0):
 garbage-first heap   total 171008K, used 78372K [0x0000000080000000, 0x0000000100000000)
  region size 1024K, 8 young (8192K), 8 survivors (8192K)
 Metaspace       used 84789K, capacity 86880K, committed 86988K, reserved 1124352K
  class space    used 11068K, capacity 11890K, committed 11980K, reserved 1048576K
}
Event: 30.800 GC heap before
{Heap before GC invocations=43 (full 0):
 garbage-first heap   total 171008K, used 135716K [0x0000000080000000, 0x0000000100000000)
  region size 1024K, 63 young (64512K), 8 survivors (8192K)
 Metaspace       used 87721K, capacity 89896K, committed 90060K, reserved 1126400K
  class space    used 11357K, capacity 12187K, committed 12236K, reserved 1048576K
}
Event: 30.942 GC heap after
{Heap after GC invocations=44 (full 0):
 garbage-first heap   total 171008K, used 92575K [0x0000000080000000, 0x0000000100000000)
  region size 1024K, 8 young (8192K), 8 survivors (8192K)
 Metaspace       used 87721K, capacity 89896K, committed 90060K, reserved 1126400K
  class space    used 11357K, capacity 12187K, committed 12236K, reserved 1048576K
}
Event: 31.698 GC heap before
{Heap before GC invocations=44 (full 0):
 garbage-first heap   total 171008K, used 121247K [0x0000000080000000, 0x0000000100000000)
  region size 1024K, 38 young (38912K), 8 survivors (8192K)
 Metaspace       used 88039K, capacity 90255K, committed 90316K, reserved 1128448K
  class space    used 11382K, capacity 12221K, committed 12236K, reserved 1048576K
}
Event: 31.868 GC heap after
{Heap after GC invocations=45 (full 0):
 garbage-first heap   total 289792K, used 99814K [0x0000000080000000, 0x0000000100000000)
  region size 1024K, 6 young (6144K), 6 survivors (6144K)
 Metaspace       used 88039K, capacity 90255K, committed 90316K, reserved 1128448K
  class space    used 11382K, capacity 12221K, committed 12236K, reserved 1048576K
}
Event: 35.574 GC heap before
{Heap before GC invocations=46 (full 0):
 garbage-first heap   total 289792K, used 181734K [0x0000000080000000, 0x0000000100000000)
  region size 1024K, 62 young (63488K), 6 survivors (6144K)
 Metaspace       used 90676K, capacity 92829K, committed 93260K, reserved 1130496K
  class space    used 11670K, capacity 12488K, committed 12620K, reserved 1048576K
}
Event: 35.626 GC heap after
{Heap after GC invocations=47 (full 0):
 garbage-first heap   total 289792K, used 101791K [0x0000000080000000, 0x0000000100000000)
  region size 1024K, 3 young (3072K), 3 survivors (3072K)
 Metaspace       used 90676K, capacity 92829K, committed 93260K, reserved 1130496K
  class space    used 11670K, capacity 12488K, committed 12620K, reserved 1048576K
}
Event: 38.000 GC heap before
{Heap before GC invocations=47 (full 0):
 garbage-first heap   total 289792K, used 169375K [0x0000000080000000, 0x0000000100000000)
  region size 1024K, 70 young (71680K), 3 survivors (3072K)
 Metaspace       used 95833K, capacity 97956K, committed 98252K, reserved 1134592K
  class space    used 12109K, capacity 12901K, committed 13004K, reserved 1048576K
}
Event: 38.078 GC heap after
{Heap after GC invocations=48 (full 0):
 garbage-first heap   total 289792K, used 102289K [0x0000000080000000, 0x0000000100000000)
  region size 1024K, 3 young (3072K), 3 survivors (3072K)
 Metaspace       used 95833K, capacity 97956K, committed 98252K, reserved 1134592K
  class space    used 12109K, capacity 12901K, committed 13004K, reserved 1048576K
}
Event: 46.055 GC heap before
{Heap before GC invocations=48 (full 0):
 garbage-first heap   total 289792K, used 225169K [0x0000000080000000, 0x0000000100000000)
  region size 1024K, 124 young (126976K), 3 survivors (3072K)
 Metaspace       used 98904K, capacity 100975K, committed 101196K, reserved 1136640K
  class space    used 12457K, capacity 13253K, committed 13388K, reserved 1048576K
}
Event: 46.524 GC heap after
{Heap after GC invocations=49 (full 0):
 garbage-first heap   total 289792K, used 110725K [0x0000000080000000, 0x0000000100000000)
  region size 1024K, 12 young (12288K), 12 survivors (12288K)
 Metaspace       used 98904K, capacity 100975K, committed 101196K, reserved 1136640K
  class space    used 12457K, capacity 13253K, committed 13388K, reserved 1048576K
}
Event: 47.426 GC heap before
{Heap before GC invocations=49 (full 0):
 garbage-first heap   total 289792K, used 138373K [0x0000000080000000, 0x0000000100000000)
  region size 1024K, 40 young (40960K), 12 survivors (12288K)
 Metaspace       used 99931K, capacity 102016K, committed 102348K, reserved 1138688K
  class space    used 12592K, capacity 13386K, committed 13516K, reserved 1048576K
}

